<?xml version="1.0" encoding="UTF-8"?>
<testsuite xmlns:xsi="http://www.w3.org/2001/XMLSchema-instance" xsi:noNamespaceSchemaLocation="https://maven.apache.org/surefire/maven-surefire-plugin/xsd/surefire-test-report-3.0.xsd" version="3.0" name="io.segtnan.hapi.SegtnanQuestionnaireResponseResourceProviderTest" time="1.162" tests="2" errors="0" skipped="0" failures="0">
  <properties>
[...]
</properties>
  <testcase name="Read_GivenFakeIdOnRDBMS_Failure" classname="io.segtnan.hapi.SegtnanQuestionnaireResponseResourceProviderTest" time="0.051">
    <system-out><![CDATA[06:24:47.714 INFO  ca.uhn.fhir.context.FhirContext Creating new FHIR context for FHIR version [R4]
]]></system-out>
  </testcase>
  <testcase name="Update_GivenPatientOnRDBMS_ReadAndRollbackSuccessful" classname="io.segtnan.hapi.SegtnanQuestionnaireResponseResourceProviderTest" time="0.622">
    <system-out><![CDATA[06:24:48.010 INFO  ca.uhn.fhir.context.FhirContext Creating new FHIR context for FHIR version [R4]
]]></system-out>
  </testcase>
</testsuite>